<?xml version="1.0" encoding="UTF-8"?>
<!-- Generated by org.testng.reporters.JUnitReportReporter -->
<testsuite skipped="0" hostname="Norayr-PC" name="TestAngularApp" tests="1" failures="0" timestamp="08 Jun 2018 20:07:13 GMT" time="17.252" errors="0">
  <testcase name="begin" time="17.252" classname="TestAngularApp"/>
</testsuite> <!-- TestAngularApp -->
